生成启动时间为 2017/5/24 9:18:46。
     1>项目“E:\李宇\1、DBMS项目\02 Interface Design\RKDBMS\RKDBMS\RKDBMS\RKDBMS.vcxproj”在节点 2 上(Build 个目标)。
     1>ClCompile:
         C:\Program Files (x86)\Microsoft Visual Studio 12.0\VC\bin\CL.exe /c /ZI /nologo /W3 /WX- /Od /Oy- /D WIN32 /D _WINDOWS /D _DEBUG /D _UNICODE /D UNICODE /D _AFXDLL /Gm /EHsc /RTC1 /MDd /GS /fp:precise /Zc:wchar_t /Zc:forScope /Yc"stdafx.h" /Fp"Debug\RKDBMS.pch" /Fo"Debug\\" /Fd"Debug\vc120.pdb" /Gd /TP /analyze- /errorReport:prompt stdafx.cpp
         stdafx.cpp
         C:\Program Files (x86)\Microsoft Visual Studio 12.0\VC\bin\CL.exe /c /ZI /nologo /W3 /WX- /Od /Oy- /D WIN32 /D _WINDOWS /D _DEBUG /D _UNICODE /D UNICODE /D _AFXDLL /Gm /EHsc /RTC1 /MDd /GS /fp:precise /Zc:wchar_t /Zc:forScope /Yu"stdafx.h" /Fp"Debug\RKDBMS.pch" /Fo"Debug\\" /Fd"Debug\vc120.pdb" /Gd /TP /analyze- /errorReport:prompt DBView.cpp MainFrm.cpp RKDBMS.cpp RKDBMSDoc.cpp RKDBMSView.cpp
         RKDBMSView.cpp
         RKDBMSDoc.cpp
         RKDBMS.cpp
         MainFrm.cpp
         DBView.cpp
         正在生成代码...
       ResourceCompile:
         C:\Program Files (x86)\Windows Kits\8.1\bin\x86\rc.exe /D _DEBUG /D _UNICODE /D UNICODE /D _AFXDLL /l"0x0409" /IDebug\ /nologo /fo"Debug\RKDBMS.res" RKDBMS.rc 
       Link:
         C:\Program Files (x86)\Microsoft Visual Studio 12.0\VC\bin\link.exe /ERRORREPORT:PROMPT /OUT:"E:\李宇\1、DBMS项目\02 Interface Design\RKDBMS\RKDBMS\Debug\RKDBMS.exe" /INCREMENTAL /NOLOGO /MANIFEST /MANIFESTUAC:"level='asInvoker' uiAccess='false'" /manifest:embed /manifestinput:"C:\Program Files (x86)\Microsoft Visual Studio 12.0\VC\Include\Manifest\dpiaware.manifest" /DEBUG /PDB:"E:\李宇\1、DBMS项目\02 Interface Design\RKDBMS\RKDBMS\Debug\RKDBMS.pdb" /SUBSYSTEM:WINDOWS /TLBID:1 /ENTRY:"wWinMainCRTStartup" /DYNAMICBASE /NXCOMPAT /IMPLIB:"E:\李宇\1、DBMS项目\02 Interface Design\RKDBMS\RKDBMS\Debug\RKDBMS.lib" /MACHINE:X86 Debug\RKDBMS.res
         Debug\DBView.obj
         Debug\MainFrm.obj
         Debug\RKDBMS.obj
         Debug\RKDBMSDoc.obj
         Debug\RKDBMSView.obj
         Debug\stdafx.obj
         RKDBMS.vcxproj -> E:\李宇\1、DBMS项目\02 Interface Design\RKDBMS\RKDBMS\Debug\RKDBMS.exe
     1>已完成生成项目“E:\李宇\1、DBMS项目\02 Interface Design\RKDBMS\RKDBMS\RKDBMS\RKDBMS.vcxproj”(Build 个目标)的操作。

生成成功。

已用时间 00:00:19.03
