c:\users\kevin zhao\desktop\myfiles\semester 4\数据库\实践\李宇老师的\2016实践项目\项目一：数据库管理系统\finished contents\week3\dbms\dbms\dbms\debug\dbms.pch
c:\users\kevin zhao\desktop\myfiles\semester 4\数据库\实践\李宇老师的\2016实践项目\项目一：数据库管理系统\finished contents\week3\dbms\dbms\dbms\debug\vc140.pdb
c:\users\kevin zhao\desktop\myfiles\semester 4\数据库\实践\李宇老师的\2016实践项目\项目一：数据库管理系统\finished contents\week3\dbms\dbms\dbms\debug\vc140.idb
c:\users\kevin zhao\desktop\myfiles\semester 4\数据库\实践\李宇老师的\2016实践项目\项目一：数据库管理系统\finished contents\week3\dbms\dbms\dbms\debug\stdafx.obj
c:\users\kevin zhao\desktop\myfiles\semester 4\数据库\实践\李宇老师的\2016实践项目\项目一：数据库管理系统\finished contents\week3\dbms\dbms\dbms\debug\checkrecord2.obj
c:\users\kevin zhao\desktop\myfiles\semester 4\数据库\实践\李宇老师的\2016实践项目\项目一：数据库管理系统\finished contents\week3\dbms\dbms\dbms\debug\checkrecord3.obj
c:\users\kevin zhao\desktop\myfiles\semester 4\数据库\实践\李宇老师的\2016实践项目\项目一：数据库管理系统\finished contents\week3\dbms\dbms\dbms\debug\createdb.obj
c:\users\kevin zhao\desktop\myfiles\semester 4\数据库\实践\李宇老师的\2016实践项目\项目一：数据库管理系统\finished contents\week3\dbms\dbms\dbms\debug\dbentity.obj
c:\users\kevin zhao\desktop\myfiles\semester 4\数据库\实践\李宇老师的\2016实践项目\项目一：数据库管理系统\finished contents\week3\dbms\dbms\dbms\debug\dblistview.obj
c:\users\kevin zhao\desktop\myfiles\semester 4\数据库\实践\李宇老师的\2016实践项目\项目一：数据库管理系统\finished contents\week3\dbms\dbms\dbms\debug\dblogic.obj
c:\users\kevin zhao\desktop\myfiles\semester 4\数据库\实践\李宇老师的\2016实践项目\项目一：数据库管理系统\finished contents\week3\dbms\dbms\dbms\debug\dbms.obj
c:\users\kevin zhao\desktop\myfiles\semester 4\数据库\实践\李宇老师的\2016实践项目\项目一：数据库管理系统\finished contents\week3\dbms\dbms\dbms\debug\dbmsdoc.obj
c:\users\kevin zhao\desktop\myfiles\semester 4\数据库\实践\李宇老师的\2016实践项目\项目一：数据库管理系统\finished contents\week3\dbms\dbms\dbms\debug\dbmsview.obj
c:\users\kevin zhao\desktop\myfiles\semester 4\数据库\实践\李宇老师的\2016实践项目\项目一：数据库管理系统\finished contents\week3\dbms\dbms\dbms\debug\dbview.obj
c:\users\kevin zhao\desktop\myfiles\semester 4\数据库\实践\李宇老师的\2016实践项目\项目一：数据库管理系统\finished contents\week3\dbms\dbms\dbms\debug\deletedatabase.obj
c:\users\kevin zhao\desktop\myfiles\semester 4\数据库\实践\李宇老师的\2016实践项目\项目一：数据库管理系统\finished contents\week3\dbms\dbms\dbms\debug\deletefield.obj
c:\users\kevin zhao\desktop\myfiles\semester 4\数据库\实践\李宇老师的\2016实践项目\项目一：数据库管理系统\finished contents\week3\dbms\dbms\dbms\debug\deleterecord.obj
c:\users\kevin zhao\desktop\myfiles\semester 4\数据库\实践\李宇老师的\2016实践项目\项目一：数据库管理系统\finished contents\week3\dbms\dbms\dbms\debug\deletetable.obj
c:\users\kevin zhao\desktop\myfiles\semester 4\数据库\实践\李宇老师的\2016实践项目\项目一：数据库管理系统\finished contents\week3\dbms\dbms\dbms\debug\mainfrm.obj
c:\users\kevin zhao\desktop\myfiles\semester 4\数据库\实践\李宇老师的\2016实践项目\项目一：数据库管理系统\finished contents\week3\dbms\dbms\dbms\debug\modifyfield.obj
c:\users\kevin zhao\desktop\myfiles\semester 4\数据库\实践\李宇老师的\2016实践项目\项目一：数据库管理系统\finished contents\week3\dbms\dbms\dbms\debug\modifyrecord.obj
c:\users\kevin zhao\desktop\myfiles\semester 4\数据库\实践\李宇老师的\2016实践项目\项目一：数据库管理系统\finished contents\week3\dbms\dbms\dbms\debug\modifytable.obj
c:\users\kevin zhao\desktop\myfiles\semester 4\数据库\实践\李宇老师的\2016实践项目\项目一：数据库管理系统\finished contents\week3\dbms\dbms\dbms\debug\opendb.obj
c:\users\kevin zhao\desktop\myfiles\semester 4\数据库\实践\李宇老师的\2016实践项目\项目一：数据库管理系统\finished contents\week3\dbms\dbms\dbms\debug\opentable.obj
c:\users\kevin zhao\desktop\myfiles\semester 4\数据库\实践\李宇老师的\2016实践项目\项目一：数据库管理系统\finished contents\week3\dbms\dbms\dbms\debug\addfield.obj
c:\users\kevin zhao\desktop\myfiles\semester 4\数据库\实践\李宇老师的\2016实践项目\项目一：数据库管理系统\finished contents\week3\dbms\dbms\dbms\debug\addrecord.obj
c:\users\kevin zhao\desktop\myfiles\semester 4\数据库\实践\李宇老师的\2016实践项目\项目一：数据库管理系统\finished contents\week3\dbms\dbms\dbms\debug\addtable.obj
c:\users\kevin zhao\desktop\myfiles\semester 4\数据库\实践\李宇老师的\2016实践项目\项目一：数据库管理系统\finished contents\week3\dbms\dbms\dbms\debug\appexception.obj
c:\users\kevin zhao\desktop\myfiles\semester 4\数据库\实践\李宇老师的\2016实践项目\项目一：数据库管理系统\finished contents\week3\dbms\dbms\dbms\debug\checkrecord.obj
c:\users\kevin zhao\desktop\myfiles\semester 4\数据库\实践\李宇老师的\2016实践项目\项目一：数据库管理系统\finished contents\week3\dbms\dbms\debug\dbms.ilk
c:\users\kevin zhao\desktop\myfiles\semester 4\数据库\实践\李宇老师的\2016实践项目\项目一：数据库管理系统\finished contents\week3\dbms\dbms\debug\dbms.exe
c:\users\kevin zhao\desktop\myfiles\semester 4\数据库\实践\李宇老师的\2016实践项目\项目一：数据库管理系统\finished contents\week3\dbms\dbms\debug\dbms.pdb
c:\users\kevin zhao\desktop\myfiles\semester 4\数据库\实践\李宇老师的\2016实践项目\项目一：数据库管理系统\finished contents\week3\dbms\dbms\dbms\debug\dbms.res
c:\users\kevin zhao\desktop\myfiles\semester 4\数据库\实践\李宇老师的\2016实践项目\项目一：数据库管理系统\finished contents\week3\dbms\dbms\dbms\debug\dbms.tlog\cl.command.1.tlog
c:\users\kevin zhao\desktop\myfiles\semester 4\数据库\实践\李宇老师的\2016实践项目\项目一：数据库管理系统\finished contents\week3\dbms\dbms\dbms\debug\dbms.tlog\cl.read.1.tlog
c:\users\kevin zhao\desktop\myfiles\semester 4\数据库\实践\李宇老师的\2016实践项目\项目一：数据库管理系统\finished contents\week3\dbms\dbms\dbms\debug\dbms.tlog\cl.write.1.tlog
c:\users\kevin zhao\desktop\myfiles\semester 4\数据库\实践\李宇老师的\2016实践项目\项目一：数据库管理系统\finished contents\week3\dbms\dbms\dbms\debug\dbms.tlog\link.command.1.tlog
c:\users\kevin zhao\desktop\myfiles\semester 4\数据库\实践\李宇老师的\2016实践项目\项目一：数据库管理系统\finished contents\week3\dbms\dbms\dbms\debug\dbms.tlog\link.read.1.tlog
c:\users\kevin zhao\desktop\myfiles\semester 4\数据库\实践\李宇老师的\2016实践项目\项目一：数据库管理系统\finished contents\week3\dbms\dbms\dbms\debug\dbms.tlog\link.write.1.tlog
c:\users\kevin zhao\desktop\myfiles\semester 4\数据库\实践\李宇老师的\2016实践项目\项目一：数据库管理系统\finished contents\week3\dbms\dbms\dbms\debug\dbms.tlog\rc.command.1.tlog
c:\users\kevin zhao\desktop\myfiles\semester 4\数据库\实践\李宇老师的\2016实践项目\项目一：数据库管理系统\finished contents\week3\dbms\dbms\dbms\debug\dbms.tlog\rc.read.1.tlog
c:\users\kevin zhao\desktop\myfiles\semester 4\数据库\实践\李宇老师的\2016实践项目\项目一：数据库管理系统\finished contents\week3\dbms\dbms\dbms\debug\dbms.tlog\rc.write.1.tlog
